<?xml version="1.0" encoding="UTF-8"?>
<!-- Generated by org.testng.reporters.JUnitXMLReporter -->
<testsuite ignored="0" hostname="PQA-0591LT" failures="0" tests="1" name="Login Test" time="0.18" errors="0" timestamp="2023-10-08T23:27:07 EDT">
  <testcase classname="com.obsqura.tests.BaseTest" name="@BeforeClass InitializeDriver" time="0.048">
    <failure type="java.lang.NullPointerException" message="Cannot invoke &amp;quot;String.equals(Object)&amp;quot; because &amp;quot;browserName&amp;quot; is null">
      <![CDATA[java.lang.NullPointerException: Cannot invoke "String.equals(Object)" because "browserName" is null
at com.obsqura.tests.BaseTest.InitializeDriver(BaseTest.java:37)
at java.base/java.util.ArrayList.forEach(ArrayList.java:1511)
... Removed 25 stack frames]]>
    </failure>
  </testcase> <!-- @BeforeClass InitializeDriver -->
  <testcase classname="com.obsqura.tests.BaseTest" name="@AfterClass TearDown" time="0.0">
    <skipped/>
  </testcase> <!-- @AfterClass TearDown -->
  <testcase classname="com.obsqura.tests.LoginTest" name="MyLoginTest" time="0.0">
    <skipped/>
  </testcase> <!-- MyLoginTest -->
</testsuite> <!-- Login Test -->
