<?xml version="1.0" encoding="UTF-8"?>
<!-- Generated by org.testng.reporters.JUnitXMLReporter -->
<testsuite ignored="1" hostname="PQA-0591LT" failures="0" tests="3" name="Test" time="21.75" errors="0" timestamp="2023-10-08T23:41:27 EDT">
  <testcase classname="com.obsqura.tests.LoginTest" name="MyLoginTest" time="1.725"/>
  <testcase classname="com.obsqura.tests.CreateDeleteExpenseTest" name="ManageExpenseTest" time="4.409"/>
  <testcase classname="com.obsqura.tests.UpdatePaymentTest" name="UpdateCreditPayment" time="3.728"/>
  <testcase classname="com.obsqura.tests.SearchProductTest" name="SearchProduct" time="0.0">
    <ignored/>
  </testcase> <!-- SearchProduct -->
</testsuite> <!-- Test -->
