<?xml version="1.0" encoding="UTF-8"?>
<testng-results ignored="0" total="1" passed="1" failed="0" skipped="0">
  <reporter-output>
  </reporter-output>
  <suite started-at="2023-10-10T23:31:58 EDT" name="Default suite" finished-at="2023-10-10T23:32:12 EDT" duration-ms="13914">
    <groups>
    </groups>
    <test started-at="2023-10-10T23:31:58 EDT" name="Default test" finished-at="2023-10-10T23:32:12 EDT" duration-ms="13914">
      <class name="com.obsqura.tests.LoginTest">
        <test-method is-config="true" signature="InitializeDriver(java.lang.String)[pri:0, instance:com.obsqura.tests.LoginTest@223191a6]" started-at="2023-10-10T23:31:58 EDT" name="InitializeDriver" finished-at="2023-10-10T23:32:05 EDT" duration-ms="6925" status="PASS">
          <params>
            <param index="0">
              <value is-null="true"/>
            </param>
          </params>
          <reporter-output>
          </reporter-output>
        </test-method> <!-- InitializeDriver -->
        <test-method signature="MyLoginTest()[pri:0, instance:com.obsqura.tests.LoginTest@223191a6]" started-at="2023-10-10T23:32:05 EDT" name="MyLoginTest" finished-at="2023-10-10T23:32:11 EDT" duration-ms="6434" status="PASS">
          <reporter-output>
          </reporter-output>
        </test-method> <!-- MyLoginTest -->
        <test-method is-config="true" signature="TearDown()[pri:0, instance:com.obsqura.tests.LoginTest@223191a6]" started-at="2023-10-10T23:32:11 EDT" name="TearDown" finished-at="2023-10-10T23:32:12 EDT" duration-ms="478" status="PASS">
          <reporter-output>
          </reporter-output>
        </test-method> <!-- TearDown -->
      </class> <!-- com.obsqura.tests.LoginTest -->
    </test> <!-- Default test -->
  </suite> <!-- Default suite -->
</testng-results>
