<?xml version="1.0" encoding="UTF-8"?>
<testng-results ignored="0" total="1" passed="1" failed="0" skipped="0">
  <reporter-output>
  </reporter-output>
  <suite started-at="2023-10-04T23:27:40 EDT" name="Default suite" finished-at="2023-10-04T23:27:50 EDT" duration-ms="10439">
    <groups>
    </groups>
    <test started-at="2023-10-04T23:27:40 EDT" name="Default test" finished-at="2023-10-04T23:27:50 EDT" duration-ms="10439">
      <class name="com.obsqura.tests.ManageExpense">
        <test-method is-config="true" signature="InitializeDriver()[pri:0, instance:com.obsqura.tests.ManageExpense@6069db50]" started-at="2023-10-04T23:27:40 EDT" name="InitializeDriver" finished-at="2023-10-04T23:27:45 EDT" duration-ms="4943" status="PASS">
          <reporter-output>
          </reporter-output>
        </test-method> <!-- InitializeDriver -->
        <test-method signature="ManageExpenseTest()[pri:0, instance:com.obsqura.tests.ManageExpense@6069db50]" started-at="2023-10-04T23:27:45 EDT" name="ManageExpenseTest" finished-at="2023-10-04T23:27:50 EDT" duration-ms="5437" status="PASS">
          <reporter-output>
          </reporter-output>
        </test-method> <!-- ManageExpenseTest -->
        <test-method is-config="true" signature="TearDown()[pri:0, instance:com.obsqura.tests.ManageExpense@6069db50]" started-at="2023-10-04T23:27:50 EDT" name="TearDown" finished-at="2023-10-04T23:27:50 EDT" duration-ms="3" status="PASS">
          <reporter-output>
          </reporter-output>
        </test-method> <!-- TearDown -->
      </class> <!-- com.obsqura.tests.ManageExpense -->
    </test> <!-- Default test -->
  </suite> <!-- Default suite -->
</testng-results>
